<?xml version="1.0" encoding="UTF-8"?>
<!-- Generated by org.testng.reporters.JUnitXMLReporter -->
<testsuite ignored="0" hostname="TYSS-Gowtham" failures="0" tests="4" name="Test" time="339.423" errors="0" timestamp="04 Aug 2022 08:29:17 GMT">
  <testcase classname="com.myntra_man.testcases.KidsCategoryUrl" name="listOfKidsProUrl" time="60.107"/>
  <testcase classname="com.myntra_man.testcases.HomeandLivingCategoryUrl" name="listOfHLProUrl" time="46.593"/>
  <testcase classname="com.myntra_man.testcases.WomenCategoryUrl" name="listOfWomenProUrl" time="93.219"/>
  <testcase classname="com.myntra_man.testcases.MenCategoryUrl" name="listOfMenProUrl" time="125.249"/>
</testsuite> <!-- Test -->
